<?xml version="1.0" encoding="UTF-8"?>
<testsuites name="atoum testsuite">
  <testsuite name="TagFactory" package="Alterway\Maat\Reflection\Factory\tests\unit" tests="4" failures="0" errors="0" time="0.022958755493164">
    <testcase name="testICanFactoryTagFromComment" time="0.015247106552124" file="/Users/jflepine/Sites/atw/github/audit/tests/unit/Reflection/Factory/TagFactory.php" classname="Alterway\Maat\Reflection\Factory\tests\unit\TagFactory"/>
    <testcase name="testICanBuildTagsFromText" time="0.0028200149536133" file="/Users/jflepine/Sites/atw/github/audit/tests/unit/Reflection/Factory/TagFactory.php" classname="Alterway\Maat\Reflection\Factory\tests\unit\TagFactory"/>
    <testcase name="testICanFactoryTagsFromAnIlineComment" time="0.002814769744873" file="/Users/jflepine/Sites/atw/github/audit/tests/unit/Reflection/Factory/TagFactory.php" classname="Alterway\Maat\Reflection\Factory\tests\unit\TagFactory"/>
    <testcase name="testICanBuildOneTagFromText" time="0.0020768642425537" file="/Users/jflepine/Sites/atw/github/audit/tests/unit/Reflection/Factory/TagFactory.php" classname="Alterway\Maat\Reflection\Factory\tests\unit\TagFactory"/>
  </testsuite>
  <testsuite name="ClassReflection" package="Alterway\Maat\Reflection\tests\unit" tests="7" failures="0" errors="0" time="0.13444638252258">
    <testcase name="testAllMethodsAreFound" time="0.0099730491638184" file="/Users/jflepine/Sites/atw/github/audit/tests/unit/Reflection/ClassReflection.php" classname="Alterway\Maat\Reflection\tests\unit\ClassReflection"/>
    <testcase name="testICanObtainTheNameOfTheReflectedClass" time="0.0011520385742188" file="/Users/jflepine/Sites/atw/github/audit/tests/unit/Reflection/ClassReflection.php" classname="Alterway\Maat\Reflection\tests\unit\ClassReflection"/>
    <testcase name="testICanRetrieveMethodByItsName" time="0.0031490325927734" file="/Users/jflepine/Sites/atw/github/audit/tests/unit/Reflection/ClassReflection.php" classname="Alterway\Maat\Reflection\tests\unit\ClassReflection"/>
    <testcase name="testICanGetTheCommentAssociatedToTheReflectedClass" time="0.0026760101318359" file="/Users/jflepine/Sites/atw/github/audit/tests/unit/Reflection/ClassReflection.php" classname="Alterway\Maat\Reflection\tests\unit\ClassReflection"/>
    <testcase name="testICanKnowIfTheReflectedClassIsAbstract" time="0.060489177703857" file="/Users/jflepine/Sites/atw/github/audit/tests/unit/Reflection/ClassReflection.php" classname="Alterway\Maat\Reflection\tests\unit\ClassReflection"/>
    <testcase name="testICanObtainTheFileNameOfTheReflectedClass" time="0.055320024490356" file="/Users/jflepine/Sites/atw/github/audit/tests/unit/Reflection/ClassReflection.php" classname="Alterway\Maat\Reflection\tests\unit\ClassReflection"/>
    <testcase name="testICanObtainTheNamespaceOfTheReflectedClass" time="0.0016870498657227" file="/Users/jflepine/Sites/atw/github/audit/tests/unit/Reflection/ClassReflection.php" classname="Alterway\Maat\Reflection\tests\unit\ClassReflection"/>
  </testsuite>
  <testsuite name="CommentReflection" package="Alterway\Maat\Reflection\tests\unit" tests="2" failures="0" errors="0" time="0.0099861621856689">
    <testcase name="testICanGetTagsContainedInTheComment" time="0.0059630870819092" file="/Users/jflepine/Sites/atw/github/audit/tests/unit/Reflection/CommentReflection.php" classname="Alterway\Maat\Reflection\tests\unit\CommentReflection"/>
    <testcase name="testICanGetTheTextComment" time="0.0040230751037598" file="/Users/jflepine/Sites/atw/github/audit/tests/unit/Reflection/CommentReflection.php" classname="Alterway\Maat\Reflection\tests\unit\CommentReflection"/>
  </testsuite>
  <testsuite name="MethodReflection" package="Alterway\Maat\Reflection\tests\unit" tests="7" failures="0" errors="0" time="0.013834238052368">
    <testcase name="testICanObtainTheNamespaceOfTheReflectedClass" time="0.0010690689086914" file="/Users/jflepine/Sites/atw/github/audit/tests/unit/Reflection/MethodReflection.php" classname="Alterway\Maat\Reflection\tests\unit\MethodReflection"/>
    <testcase name="testAllMethodsAreFound" time="0.0023429393768311" file="/Users/jflepine/Sites/atw/github/audit/tests/unit/Reflection/MethodReflection.php" classname="Alterway\Maat\Reflection\tests\unit\MethodReflection"/>
    <testcase name="testICanObtainTheNameOfTheReflectedClass" time="0.0011000633239746" file="/Users/jflepine/Sites/atw/github/audit/tests/unit/Reflection/MethodReflection.php" classname="Alterway\Maat\Reflection\tests\unit\MethodReflection"/>
    <testcase name="testICanRetrieveMethodByItsName" time="0.0026299953460693" file="/Users/jflepine/Sites/atw/github/audit/tests/unit/Reflection/MethodReflection.php" classname="Alterway\Maat\Reflection\tests\unit\MethodReflection"/>
    <testcase name="testICanGetTheCommentAssociatedToTheReflectedClass" time="0.0037100315093994" file="/Users/jflepine/Sites/atw/github/audit/tests/unit/Reflection/MethodReflection.php" classname="Alterway\Maat\Reflection\tests\unit\MethodReflection"/>
    <testcase name="testICanObtainTheFileNameOfTheReflectedClass" time="0.0015571117401123" file="/Users/jflepine/Sites/atw/github/audit/tests/unit/Reflection/MethodReflection.php" classname="Alterway\Maat\Reflection\tests\unit\MethodReflection"/>
    <testcase name="testICanKnowIfTheReflectedClassIsAbstract" time="0.00142502784729" file="/Users/jflepine/Sites/atw/github/audit/tests/unit/Reflection/MethodReflection.php" classname="Alterway\Maat\Reflection\tests\unit\MethodReflection"/>
  </testsuite>
  <testsuite name="TagReflection" package="Alterway\Maat\Reflection\tests\unit" tests="1" failures="0" errors="0" time="0.0016748905181885">
    <testcase name="testICanUseATag" time="0.0016748905181885" file="/Users/jflepine/Sites/atw/github/audit/tests/unit/Reflection/TagReflection.php" classname="Alterway\Maat\Reflection\tests\unit\TagReflection"/>
  </testsuite>
</testsuites>
